<!DOCTYPE html PUBLIC "-//W3C//DTD XHTML 1.1//EN" "http://www.w3.org/TR/xhtml11/DTD/xhtml11.dtd">
<html xmlns="http://www.w3.org/1999/xhtml">
<head>
<meta http-equiv="content-type" content="text/html; charset=UTF-8"/>
<title>TestNG Report</title>
<style type="text/css">table {margin-bottom:10px;border-collapse:collapse;empty-cells:show}th,td {border:1px solid #009;padding:.25em .5em}th {vertical-align:bottom}td {vertical-align:top}table a {font-weight:bold}.stripe td {background-color: #E6EBF9}.num {text-align:right}.passedodd td {background-color: #3F3}.passedeven td {background-color: #0A0}.skippedodd td {background-color: #DDD}.skippedeven td {background-color: #CCC}.failedodd td,.attn {background-color: #F33}.failedeven td,.stripe .attn {background-color: #D00}.stacktrace {white-space:pre;font-family:monospace}.totop {font-size:85%;text-align:center;border-bottom:2px solid #000}.invisible {display:none}</style>
</head>
<body>
<table>
<tr><th>Test</th><th># Passed</th><th># Skipped</th><th># Retried</th><th># Failed</th><th>Time (ms)</th><th>Included Groups</th><th>Excluded Groups</th></tr>
<tr><th colspan="8">Suite</th></tr>
<tr><td><a href="#t0">Test</a></td><td class="num">11</td><td class="num attn">1</td><td class="num">0</td><td class="num attn">3</td><td class="num">1,215,553</td><td></td><td></td></tr>
</table>
<table id='summary'><thead><tr><th>Class</th><th>Method</th><th>Start</th><th>Time (ms)</th></tr></thead><tbody><tr><th colspan="4">Suite</th></tr></tbody><tbody id="t0"><tr><th colspan="4">Test &#8212; failed (configuration methods)</th></tr><tr class="failedeven"><td rowspan="1">com.oneDayCart.testScript.DeliveryLocationTest</td><td><a href="#m0">configAM</a></td><td rowspan="1">1592548982161</td><td rowspan="1">20048</td></tr><tr class="failedodd"><td rowspan="1">com.oneDayCart.testScript.MyWalletTest</td><td><a href="#m1">configBM</a></td><td rowspan="1">1592549509092</td><td rowspan="1">25706</td></tr><tr><th colspan="4">Test &#8212; failed</th></tr><tr class="failedeven"><td rowspan="1">com.oneDayCart.testScript.SelectbyCategory</td><td><a href="#m2">Selectbycategry</a></td><td rowspan="1">1592549194686</td><td rowspan="1">20079</td></tr><tr class="failedodd"><td rowspan="1">com.oneDayCart.testScript.chatoffline</td><td><a href="#m3">offlinechat</a></td><td rowspan="1">1592548871813</td><td rowspan="1">40336</td></tr><tr class="failedeven"><td rowspan="1">com.oneDayCart.testScript.continueShopping</td><td><a href="#m4">continueShop</a></td><td rowspan="1">1592549255841</td><td rowspan="1">6681</td></tr><tr><th colspan="4">Test &#8212; skipped (configuration methods)</th></tr><tr class="skippedeven"><td rowspan="1">com.oneDayCart.testScript.DeliveryLocationTest</td><td><a href="#m5">configAC</a></td><td rowspan="1">1592549002217</td><td rowspan="1">-1592549002217</td></tr><tr class="skippedodd"><td rowspan="2">com.oneDayCart.testScript.MyWalletTest</td><td><a href="#m6">configAC</a></td><td rowspan="1">1592549534827</td><td rowspan="1">-1592549534827</td></tr><tr class="skippedodd"><td><a href="#m7">configAM</a></td><td rowspan="1">1592549534823</td><td rowspan="1">-1592549534823</td></tr><tr><th colspan="4">Test &#8212; skipped</th></tr><tr class="skippedeven"><td rowspan="1">com.oneDayCart.testScript.MyWalletTest</td><td><a href="#m8">myWallet</a></td><td rowspan="1">1592549534808</td><td rowspan="1">0</td></tr><tr><th colspan="4">Test &#8212; passed</th></tr><tr class="passedeven"><td rowspan="1">com.oneDayCart.testScript.AddAllCartTest</td><td><a href="#m9">addAllToCartTest</a></td><td rowspan="1">1592549381799</td><td rowspan="1">13430</td></tr><tr class="passedodd"><td rowspan="1">com.oneDayCart.testScript.ClearCartTest</td><td><a href="#m10">clearcartTest</a></td><td rowspan="1">1592549834375</td><td rowspan="1">48899</td></tr><tr class="passedeven"><td rowspan="1">com.oneDayCart.testScript.DeleteWishListTest</td><td><a href="#m11">deleteWishlistTest</a></td><td rowspan="1">1592549564045</td><td rowspan="1">42918</td></tr><tr class="passedodd"><td rowspan="1">com.oneDayCart.testScript.DeliveryLocationTest</td><td><a href="#m12">deliverylocTest</a></td><td rowspan="1">1592548980108</td><td rowspan="1">2051</td></tr><tr class="passedeven"><td rowspan="1">com.oneDayCart.testScript.RemoveCartItemsTest</td><td><a href="#m13">removecartItemTest</a></td><td rowspan="1">1592549675979</td><td rowspan="1">51248</td></tr><tr class="passedodd"><td rowspan="1">com.oneDayCart.testScript.SearchBarTest</td><td><a href="#m14">searchProductTest</a></td><td rowspan="1">1592549062492</td><td rowspan="1">64167</td></tr><tr class="passedeven"><td rowspan="1">com.oneDayCart.testScript.SendWishListByMailTest</td><td><a href="#m15">sendWishlistprodInMailTest</a></td><td rowspan="1">1592549335573</td><td rowspan="1">15073</td></tr><tr class="passedodd"><td rowspan="1">com.oneDayCart.testScript.WishListTest</td><td><a href="#m16">moveItemToWishlistTest</a></td><td rowspan="1">1592549289853</td><td rowspan="1">16762</td></tr><tr class="passedeven"><td rowspan="1">com.oneDayCart.testScript.moveCompare</td><td><a href="#m17">Comp</a></td><td rowspan="1">1592548743602</td><td rowspan="1">24070</td></tr><tr class="passedodd"><td rowspan="1">com.oneDayCart.testScript.myOrder</td><td><a href="#m18">myorderpage</a></td><td rowspan="1">1592549426261</td><td rowspan="1">9230</td></tr><tr class="passedeven"><td rowspan="1">com.oneDayCart.testScript.scrollMoveTop</td><td><a href="#m19">scrollTop</a></td><td rowspan="1">1592549463653</td><td rowspan="1">2175</td></tr></tbody>
</table>
<h2>Test</h2><h3 id="m0">com.oneDayCart.testScript.DeliveryLocationTest#configAM</h3><table class="result"><tr><th>Exception</th></tr><tr><td><div class="stacktrace">org.openqa.selenium.NoSuchElementException: no such element: Unable to locate element: {&quot;method&quot;:&quot;xpath&quot;,&quot;selector&quot;:&quot;//button[.=&apos;×&apos;]&quot;}
  (Session info: chrome=83.0.4103.106)
For documentation on this error, please visit: https://www.seleniumhq.org/exceptions/no_such_element.html
Build info: version: &apos;3.141.59&apos;, revision: &apos;e82be7d358&apos;, time: &apos;2018-11-14T08:17:03&apos;
System info: host: &apos;NITHESH-GOWDA&apos;, ip: &apos;192.168.43.140&apos;, os.name: &apos;Windows 8.1&apos;, os.arch: &apos;amd64&apos;, os.version: &apos;6.3&apos;, java.version: &apos;1.8.0_241&apos;
Driver info: org.openqa.selenium.chrome.ChromeDriver
Capabilities {acceptInsecureCerts: false, browserName: chrome, browserVersion: 83.0.4103.106, chrome: {chromedriverVersion: 83.0.4103.39 (ccbf011cb2d2b..., userDataDir: C:\Users\user\AppData\Local...}, goog:chromeOptions: {debuggerAddress: localhost:59584}, javascriptEnabled: true, networkConnectionEnabled: false, pageLoadStrategy: normal, platform: WINDOWS, platformName: WINDOWS, proxy: Proxy(), setWindowRect: true, strictFileInteractability: false, timeouts: {implicit: 0, pageLoad: 300000, script: 30000}, unhandledPromptBehavior: dismiss and notify, webauthn:virtualAuthenticators: true}
Session ID: e9c6a9ed25d58a18b67e3764a748fee2
*** Element info: {Using=xpath, value=//button[.=&apos;×&apos;]}
	at org.openqa.selenium.remote.http.W3CHttpResponseCodec.createException(W3CHttpResponseCodec.java:187)
	at org.openqa.selenium.remote.http.W3CHttpResponseCodec.decode(W3CHttpResponseCodec.java:122)
	at org.openqa.selenium.remote.http.W3CHttpResponseCodec.decode(W3CHttpResponseCodec.java:49)
	at org.openqa.selenium.remote.HttpCommandExecutor.execute(HttpCommandExecutor.java:158)
	at org.openqa.selenium.remote.service.DriverCommandExecutor.execute(DriverCommandExecutor.java:83)
	at org.openqa.selenium.remote.RemoteWebDriver.execute(RemoteWebDriver.java:552)
	at org.openqa.selenium.remote.RemoteWebDriver.findElement(RemoteWebDriver.java:323)
	at org.openqa.selenium.remote.RemoteWebDriver.findElementByXPath(RemoteWebDriver.java:428)
	at org.openqa.selenium.By$ByXPath.findElement(By.java:353)
	at org.openqa.selenium.remote.RemoteWebDriver.findElement(RemoteWebDriver.java:315)
	at org.openqa.selenium.support.pagefactory.DefaultElementLocator.findElement(DefaultElementLocator.java:69)
	at org.openqa.selenium.support.pagefactory.internal.LocatingElementHandler.invoke(LocatingElementHandler.java:38)
	at com.sun.proxy.$Proxy13.click(Unknown Source)
	at com.oneDayCart.GenericLib.Base.configAM(Base.java:58)
	at java.util.ArrayList.forEach(Unknown Source)
... Removed 36 stack frames</div></td></tr></table><p class="totop"><a href="#summary">back to summary</a></p>
<h3 id="m1">com.oneDayCart.testScript.MyWalletTest#configBM</h3><table class="result"><tr><th>Messages</th></tr><tr><td><div class="messages">click on logIn link</div></td></tr><tr><th>Exception</th></tr><tr><td><div class="stacktrace">org.openqa.selenium.NoSuchElementException: no such element: Unable to locate element: {&quot;method&quot;:&quot;css selector&quot;,&quot;selector&quot;:&quot;#email&quot;}
  (Session info: chrome=83.0.4103.106)
For documentation on this error, please visit: https://www.seleniumhq.org/exceptions/no_such_element.html
Build info: version: &apos;3.141.59&apos;, revision: &apos;e82be7d358&apos;, time: &apos;2018-11-14T08:17:03&apos;
System info: host: &apos;NITHESH-GOWDA&apos;, ip: &apos;192.168.43.140&apos;, os.name: &apos;Windows 8.1&apos;, os.arch: &apos;amd64&apos;, os.version: &apos;6.3&apos;, java.version: &apos;1.8.0_241&apos;
Driver info: org.openqa.selenium.chrome.ChromeDriver
Capabilities {acceptInsecureCerts: false, browserName: chrome, browserVersion: 83.0.4103.106, chrome: {chromedriverVersion: 83.0.4103.39 (ccbf011cb2d2b..., userDataDir: C:\Users\user\AppData\Local...}, goog:chromeOptions: {debuggerAddress: localhost:60655}, javascriptEnabled: true, networkConnectionEnabled: false, pageLoadStrategy: normal, platform: WINDOWS, platformName: WINDOWS, proxy: Proxy(), setWindowRect: true, strictFileInteractability: false, timeouts: {implicit: 0, pageLoad: 300000, script: 30000}, unhandledPromptBehavior: dismiss and notify, webauthn:virtualAuthenticators: true}
Session ID: c97e49bbfa2639628bc4dcb428eb6e27
*** Element info: {Using=id, value=email}
	at org.openqa.selenium.remote.http.W3CHttpResponseCodec.createException(W3CHttpResponseCodec.java:187)
	at org.openqa.selenium.remote.http.W3CHttpResponseCodec.decode(W3CHttpResponseCodec.java:122)
	at org.openqa.selenium.remote.http.W3CHttpResponseCodec.decode(W3CHttpResponseCodec.java:49)
	at org.openqa.selenium.remote.HttpCommandExecutor.execute(HttpCommandExecutor.java:158)
	at org.openqa.selenium.remote.service.DriverCommandExecutor.execute(DriverCommandExecutor.java:83)
	at org.openqa.selenium.remote.RemoteWebDriver.execute(RemoteWebDriver.java:552)
	at org.openqa.selenium.remote.RemoteWebDriver.findElement(RemoteWebDriver.java:323)
	at org.openqa.selenium.remote.RemoteWebDriver.findElementById(RemoteWebDriver.java:372)
	at org.openqa.selenium.By$ById.findElement(By.java:188)
	at org.openqa.selenium.remote.RemoteWebDriver.findElement(RemoteWebDriver.java:315)
	at org.openqa.selenium.support.pagefactory.DefaultElementLocator.findElement(DefaultElementLocator.java:69)
	at org.openqa.selenium.support.pagefactory.internal.LocatingElementHandler.invoke(LocatingElementHandler.java:38)
	at com.sun.proxy.$Proxy13.sendKeys(Unknown Source)
	at com.oneDayCart.PageObject.LoginPage.login(LoginPage.java:23)
	at com.oneDayCart.GenericLib.Base.configBM(Base.java:52)
	at java.util.ArrayList.forEach(Unknown Source)
... Removed 35 stack frames</div></td></tr></table><p class="totop"><a href="#summary">back to summary</a></p>
<h3 id="m2">com.oneDayCart.testScript.SelectbyCategory#Selectbycategry</h3><table class="result"><tr><th>Exception</th></tr><tr><td><div class="stacktrace">org.openqa.selenium.NoSuchElementException: no such element: Unable to locate element: {&quot;method&quot;:&quot;xpath&quot;,&quot;selector&quot;:&quot;//span[.=&apos;GROCERY&amp; STAPLES&apos;]&quot;}
  (Session info: chrome=83.0.4103.106)
For documentation on this error, please visit: https://www.seleniumhq.org/exceptions/no_such_element.html
Build info: version: &apos;3.141.59&apos;, revision: &apos;e82be7d358&apos;, time: &apos;2018-11-14T08:17:03&apos;
System info: host: &apos;NITHESH-GOWDA&apos;, ip: &apos;192.168.43.140&apos;, os.name: &apos;Windows 8.1&apos;, os.arch: &apos;amd64&apos;, os.version: &apos;6.3&apos;, java.version: &apos;1.8.0_241&apos;
Driver info: org.openqa.selenium.chrome.ChromeDriver
Capabilities {acceptInsecureCerts: false, browserName: chrome, browserVersion: 83.0.4103.106, chrome: {chromedriverVersion: 83.0.4103.39 (ccbf011cb2d2b..., userDataDir: C:\Users\user\AppData\Local...}, goog:chromeOptions: {debuggerAddress: localhost:59881}, javascriptEnabled: true, networkConnectionEnabled: false, pageLoadStrategy: normal, platform: WINDOWS, platformName: WINDOWS, proxy: Proxy(), setWindowRect: true, strictFileInteractability: false, timeouts: {implicit: 0, pageLoad: 300000, script: 30000}, unhandledPromptBehavior: dismiss and notify, webauthn:virtualAuthenticators: true}
Session ID: 1af4da22391021626396f3945b852608
*** Element info: {Using=xpath, value=//span[.=&apos;GROCERY&amp; STAPLES&apos;]}
	at org.openqa.selenium.remote.http.W3CHttpResponseCodec.createException(W3CHttpResponseCodec.java:187)
	at org.openqa.selenium.remote.http.W3CHttpResponseCodec.decode(W3CHttpResponseCodec.java:122)
	at org.openqa.selenium.remote.http.W3CHttpResponseCodec.decode(W3CHttpResponseCodec.java:49)
	at org.openqa.selenium.remote.HttpCommandExecutor.execute(HttpCommandExecutor.java:158)
	at org.openqa.selenium.remote.service.DriverCommandExecutor.execute(DriverCommandExecutor.java:83)
	at org.openqa.selenium.remote.RemoteWebDriver.execute(RemoteWebDriver.java:552)
	at org.openqa.selenium.remote.RemoteWebDriver.findElement(RemoteWebDriver.java:323)
	at org.openqa.selenium.remote.RemoteWebDriver.findElementByXPath(RemoteWebDriver.java:428)
	at org.openqa.selenium.By$ByXPath.findElement(By.java:353)
	at org.openqa.selenium.remote.RemoteWebDriver.findElement(RemoteWebDriver.java:315)
	at org.openqa.selenium.support.pagefactory.DefaultElementLocator.findElement(DefaultElementLocator.java:69)
	at org.openqa.selenium.support.pagefactory.internal.LocatingElementHandler.invoke(LocatingElementHandler.java:38)
	at com.sun.proxy.$Proxy13.click(Unknown Source)
	at com.oneDayCart.PageObject.Groceriesandstaples.addbyCatogry(Groceriesandstaples.java:120)
	at com.oneDayCart.testScript.SelectbyCategory.Selectbycategry(SelectbyCategory.java:17)
	at java.util.ArrayList.forEach(Unknown Source)
... Removed 31 stack frames</div></td></tr></table><p class="totop"><a href="#summary">back to summary</a></p>
<h3 id="m3">com.oneDayCart.testScript.chatoffline#offlinechat</h3><table class="result"><tr class="param"><th>Parameter #1</th><th>Parameter #2</th><th>Parameter #3</th></tr><tr class="param stripe"><td>Pavan kumar</td><td>pavandpagal@gmail.com</td><td>fghsafgf</td></tr><tr><th colspan="3">Exception</th></tr><tr><td colspan="3"><div class="stacktrace">org.openqa.selenium.TimeoutException: Expected condition failed: waiting for visibility of Proxy element for: DefaultElementLocator &apos;By.xpath: //span[.=&apos;Chat? - Offline&apos;]&apos; (tried for 10 second(s) with 500 milliseconds interval)
	at org.openqa.selenium.support.ui.WebDriverWait.timeoutException(WebDriverWait.java:95)
	at org.openqa.selenium.support.ui.FluentWait.until(FluentWait.java:272)
	at com.oneDayCart.PageObject.HomePage.clickonChat(HomePage.java:346)
	at com.oneDayCart.testScript.chatoffline.offlinechat(chatoffline.java:25)
	at java.util.ArrayList.forEach(Unknown Source)
Caused by: org.openqa.selenium.NoSuchElementException: no such element: Unable to locate element: {&quot;method&quot;:&quot;xpath&quot;,&quot;selector&quot;:&quot;//span[.=&apos;Chat? - Offline&apos;]&quot;}
  (Session info: chrome=83.0.4103.106)
For documentation on this error, please visit: https://www.seleniumhq.org/exceptions/no_such_element.html
Build info: version: &apos;3.141.59&apos;, revision: &apos;e82be7d358&apos;, time: &apos;2018-11-14T08:17:03&apos;
System info: host: &apos;NITHESH-GOWDA&apos;, ip: &apos;192.168.43.140&apos;, os.name: &apos;Windows 8.1&apos;, os.arch: &apos;amd64&apos;, os.version: &apos;6.3&apos;, java.version: &apos;1.8.0_241&apos;
Driver info: org.openqa.selenium.chrome.ChromeDriver
Capabilities {acceptInsecureCerts: false, browserName: chrome, browserVersion: 83.0.4103.106, chrome: {chromedriverVersion: 83.0.4103.39 (ccbf011cb2d2b..., userDataDir: C:\Users\user\AppData\Local...}, goog:chromeOptions: {debuggerAddress: localhost:59408}, javascriptEnabled: true, networkConnectionEnabled: false, pageLoadStrategy: normal, platform: WINDOWS, platformName: WINDOWS, proxy: Proxy(), setWindowRect: true, strictFileInteractability: false, timeouts: {implicit: 0, pageLoad: 300000, script: 30000}, unhandledPromptBehavior: dismiss and notify, webauthn:virtualAuthenticators: true}
Session ID: 1d4c78ed54ec9f0801dcd56e04f65ad4
*** Element info: {Using=xpath, value=//span[.=&apos;Chat? - Offline&apos;]}
	at org.openqa.selenium.remote.http.W3CHttpResponseCodec.createException(W3CHttpResponseCodec.java:187)
	at org.openqa.selenium.remote.http.W3CHttpResponseCodec.decode(W3CHttpResponseCodec.java:122)
	at org.openqa.selenium.remote.http.W3CHttpResponseCodec.decode(W3CHttpResponseCodec.java:49)
	at org.openqa.selenium.remote.HttpCommandExecutor.execute(HttpCommandExecutor.java:158)
	at org.openqa.selenium.remote.service.DriverCommandExecutor.execute(DriverCommandExecutor.java:83)
	at org.openqa.selenium.remote.RemoteWebDriver.execute(RemoteWebDriver.java:552)
	at org.openqa.selenium.remote.RemoteWebDriver.findElement(RemoteWebDriver.java:323)
	at org.openqa.selenium.remote.RemoteWebDriver.findElementByXPath(RemoteWebDriver.java:428)
	at org.openqa.selenium.By$ByXPath.findElement(By.java:353)
	at org.openqa.selenium.remote.RemoteWebDriver.findElement(RemoteWebDriver.java:315)
	at org.openqa.selenium.support.pagefactory.DefaultElementLocator.findElement(DefaultElementLocator.java:69)
	at org.openqa.selenium.support.pagefactory.internal.LocatingElementHandler.invoke(LocatingElementHandler.java:38)
	at com.sun.proxy.$Proxy13.isDisplayed(Unknown Source)
	at org.openqa.selenium.support.ui.ExpectedConditions.elementIfVisible(ExpectedConditions.java:314)
	at org.openqa.selenium.support.ui.ExpectedConditions.access$000(ExpectedConditions.java:43)
	at org.openqa.selenium.support.ui.ExpectedConditions$10.apply(ExpectedConditions.java:300)
	at org.openqa.selenium.support.ui.ExpectedConditions$10.apply(ExpectedConditions.java:297)
	at org.openqa.selenium.support.ui.FluentWait.until(FluentWait.java:249)
	... 30 more
... Removed 31 stack frames</div></td></tr></table><p class="totop"><a href="#summary">back to summary</a></p>
<h3 id="m4">com.oneDayCart.testScript.continueShopping#continueShop</h3><table class="result"><tr><th>Exception</th></tr><tr><td><div class="stacktrace">org.openqa.selenium.TimeoutException: Expected condition failed: waiting for visibility of element located by [[ChromeDriver: chrome on WINDOWS (effd14fbd74859555b18b85c7cf30133)] -&gt; link text: GROCERY] -&gt; By.xpath: //a[.=&apos;Jaggery&apos;] (tried for 5 second(s) with 500 milliseconds interval)
Build info: version: &apos;3.141.59&apos;, revision: &apos;e82be7d358&apos;, time: &apos;2018-11-14T08:17:03&apos;
System info: host: &apos;NITHESH-GOWDA&apos;, ip: &apos;192.168.43.140&apos;, os.name: &apos;Windows 8.1&apos;, os.arch: &apos;amd64&apos;, os.version: &apos;6.3&apos;, java.version: &apos;1.8.0_241&apos;
Driver info: org.openqa.selenium.chrome.ChromeDriver
Capabilities {acceptInsecureCerts: false, browserName: chrome, browserVersion: 83.0.4103.106, chrome: {chromedriverVersion: 83.0.4103.39 (ccbf011cb2d2b..., userDataDir: C:\Users\user\AppData\Local...}, goog:chromeOptions: {debuggerAddress: localhost:60007}, javascriptEnabled: true, networkConnectionEnabled: false, pageLoadStrategy: normal, platform: WINDOWS, platformName: WINDOWS, proxy: Proxy(), setWindowRect: true, strictFileInteractability: false, timeouts: {implicit: 0, pageLoad: 300000, script: 30000}, unhandledPromptBehavior: dismiss and notify, webauthn:virtualAuthenticators: true}
Session ID: effd14fbd74859555b18b85c7cf30133
	at org.openqa.selenium.support.ui.WebDriverWait.timeoutException(WebDriverWait.java:95)
	at org.openqa.selenium.support.ui.FluentWait.until(FluentWait.java:272)
	at com.oneDayCart.PageObject.HomePage.continueShopping(HomePage.java:461)
	at com.oneDayCart.testScript.continueShopping.continueShop(continueShopping.java:17)
	at java.util.ArrayList.forEach(Unknown Source)
... Removed 27 stack frames</div></td></tr></table><p class="totop"><a href="#summary">back to summary</a></p>
<h3 id="m5">com.oneDayCart.testScript.DeliveryLocationTest#configAC</h3><table class="result"><tr><th class="invisible"/></tr></table><p class="totop"><a href="#summary">back to summary</a></p>
<h3 id="m6">com.oneDayCart.testScript.MyWalletTest#configAC</h3><table class="result"><tr><th class="invisible"/></tr></table><p class="totop"><a href="#summary">back to summary</a></p>
<h3 id="m7">com.oneDayCart.testScript.MyWalletTest#configAM</h3><table class="result"><tr><th class="invisible"/></tr></table><p class="totop"><a href="#summary">back to summary</a></p>
<h3 id="m8">com.oneDayCart.testScript.MyWalletTest#myWallet</h3><table class="result"><tr><th>Exception</th></tr><tr><td><div class="stacktrace">org.openqa.selenium.NoSuchElementException: no such element: Unable to locate element: {&quot;method&quot;:&quot;css selector&quot;,&quot;selector&quot;:&quot;#email&quot;}
  (Session info: chrome=83.0.4103.106)
For documentation on this error, please visit: https://www.seleniumhq.org/exceptions/no_such_element.html
Build info: version: &apos;3.141.59&apos;, revision: &apos;e82be7d358&apos;, time: &apos;2018-11-14T08:17:03&apos;
System info: host: &apos;NITHESH-GOWDA&apos;, ip: &apos;192.168.43.140&apos;, os.name: &apos;Windows 8.1&apos;, os.arch: &apos;amd64&apos;, os.version: &apos;6.3&apos;, java.version: &apos;1.8.0_241&apos;
Driver info: org.openqa.selenium.chrome.ChromeDriver
Capabilities {acceptInsecureCerts: false, browserName: chrome, browserVersion: 83.0.4103.106, chrome: {chromedriverVersion: 83.0.4103.39 (ccbf011cb2d2b..., userDataDir: C:\Users\user\AppData\Local...}, goog:chromeOptions: {debuggerAddress: localhost:60655}, javascriptEnabled: true, networkConnectionEnabled: false, pageLoadStrategy: normal, platform: WINDOWS, platformName: WINDOWS, proxy: Proxy(), setWindowRect: true, strictFileInteractability: false, timeouts: {implicit: 0, pageLoad: 300000, script: 30000}, unhandledPromptBehavior: dismiss and notify, webauthn:virtualAuthenticators: true}
Session ID: c97e49bbfa2639628bc4dcb428eb6e27
*** Element info: {Using=id, value=email}
	at org.openqa.selenium.remote.http.W3CHttpResponseCodec.createException(W3CHttpResponseCodec.java:187)
	at org.openqa.selenium.remote.http.W3CHttpResponseCodec.decode(W3CHttpResponseCodec.java:122)
	at org.openqa.selenium.remote.http.W3CHttpResponseCodec.decode(W3CHttpResponseCodec.java:49)
	at org.openqa.selenium.remote.HttpCommandExecutor.execute(HttpCommandExecutor.java:158)
	at org.openqa.selenium.remote.service.DriverCommandExecutor.execute(DriverCommandExecutor.java:83)
	at org.openqa.selenium.remote.RemoteWebDriver.execute(RemoteWebDriver.java:552)
	at org.openqa.selenium.remote.RemoteWebDriver.findElement(RemoteWebDriver.java:323)
	at org.openqa.selenium.remote.RemoteWebDriver.findElementById(RemoteWebDriver.java:372)
	at org.openqa.selenium.By$ById.findElement(By.java:188)
	at org.openqa.selenium.remote.RemoteWebDriver.findElement(RemoteWebDriver.java:315)
	at org.openqa.selenium.support.pagefactory.DefaultElementLocator.findElement(DefaultElementLocator.java:69)
	at org.openqa.selenium.support.pagefactory.internal.LocatingElementHandler.invoke(LocatingElementHandler.java:38)
	at com.sun.proxy.$Proxy13.sendKeys(Unknown Source)
	at com.oneDayCart.PageObject.LoginPage.login(LoginPage.java:23)
	at com.oneDayCart.GenericLib.Base.configBM(Base.java:52)
	at java.util.ArrayList.forEach(Unknown Source)
... Removed 35 stack frames</div></td></tr></table><p class="totop"><a href="#summary">back to summary</a></p>
<h3 id="m9">com.oneDayCart.testScript.AddAllCartTest#addAllToCartTest</h3><table class="result"><tr><th>Messages</th></tr><tr><td><div class="messages">click on add all to cart button</div></td></tr></table><p class="totop"><a href="#summary">back to summary</a></p>
<h3 id="m10">com.oneDayCart.testScript.ClearCartTest#clearcartTest</h3><table class="result"><tr><th>Messages</th></tr><tr><td><div class="messages">cleared cart items</div></td></tr></table><p class="totop"><a href="#summary">back to summary</a></p>
<h3 id="m11">com.oneDayCart.testScript.DeleteWishListTest#deleteWishlistTest</h3><table class="result"><tr><th>Messages</th></tr><tr><td><div class="messages">move items to wishlist<br/>click on remove item<br/>Handling alert</div></td></tr></table><p class="totop"><a href="#summary">back to summary</a></p>
<h3 id="m12">com.oneDayCart.testScript.DeliveryLocationTest#deliverylocTest</h3><table class="result"><tr><th>Messages</th></tr><tr><td><div class="messages">enter pincode<br/>click on check button<br/>Delivery Available</div></td></tr></table><p class="totop"><a href="#summary">back to summary</a></p>
<h3 id="m13">com.oneDayCart.testScript.RemoveCartItemsTest#removecartItemTest</h3><table class="result"><tr><th>Messages</th></tr><tr><td><div class="messages">removing item from cart</div></td></tr></table><p class="totop"><a href="#summary">back to summary</a></p>
<h3 id="m14">com.oneDayCart.testScript.SearchBarTest#searchProductTest</h3><table class="result"><tr><th>Messages</th></tr><tr><td><div class="messages">entering the productRice products<br/>click on add to cart<br/>click on add to cart<br/>click on add to cart<br/>click on add to cart<br/>click on add to cart<br/>click on add to cart<br/>click on add to cart<br/>click on add to cart<br/>click on add to cart<br/>click on add to cart<br/>click on add to cart<br/>click on add to cart<br/>click on add to cart<br/>click on add to cart<br/>click on add to cart<br/>click on add to cart<br/>click on add to cart<br/>click on add to cart<br/>click on add to cart<br/>click on add to cart<br/>click on add to cart<br/>click on add to cart<br/>click on add to cart<br/>click on add to cart<br/>click on add to cart<br/>click on add to cart<br/>click on add to cart<br/>click on add to cart<br/>click on add to cart<br/>click on add to cart<br/>click on add to cart<br/>click on add to cart<br/>click on add to cart<br/>click on add to cart<br/>click on add to cart<br/>click on add to cart<br/>click on add to cart<br/>click on add to cart<br/>click on add to cart<br/>click on add to cart<br/>click on add to cart<br/>click on add to cart<br/>click on add to cart<br/>click on add to cart<br/>click on add to cart<br/>click on add to cart<br/>click on add to cart<br/>click on add to cart<br/>click on add to cart<br/>click on add to cart<br/>click on add to cart<br/>click on add to cart<br/>click on add to cart<br/>click on add to cart<br/>click on add to cart<br/>click on add to cart<br/>click on add to cart<br/>click on add to cart<br/>click on add to cart<br/>click on add to cart<br/>click on add to cart<br/>click on add to cart<br/>click on add to cart<br/>click on add to cart<br/>click on add to cart<br/>click on add to cart<br/>click on add to cart<br/>click on add to cart<br/>click on add to cart<br/>click on add to cart<br/>click on add to cart<br/>click on add to cart<br/>click on add to cart<br/>click on add to cart<br/>click on add to cart<br/>click on add to cart<br/>click on add to cart<br/>click on add to cart<br/>click on add to cart<br/>click on add to cart<br/>click on add to cart<br/>click on add to cart<br/>click on add to cart<br/>click on add to cart<br/>click on add to cart<br/>click on add to cart<br/>click on add to cart<br/>click on add to cart<br/>click on add to cart<br/>click on add to cart<br/>click on add to cart<br/>click on add to cart<br/>click on add to cart<br/>click on add to cart</div></td></tr></table><p class="totop"><a href="#summary">back to summary</a></p>
<h3 id="m15">com.oneDayCart.testScript.SendWishListByMailTest#sendWishlistprodInMailTest</h3><table class="result"><tr class="param"><th>Parameter #1</th><th>Parameter #2</th></tr><tr class="param stripe"><td>nitheshdemo@gmail.com,nitheshhs123@gmail.com</td><td>dgjgjdsgj</td></tr><tr><th colspan="2">Messages</th></tr><tr><td colspan="2"><div class="messages">click on share wish list button<br/>enter emails<br/>enter message<br/>click on share wishlist</div></td></tr></table><p class="totop"><a href="#summary">back to summary</a></p>
<h3 id="m16">com.oneDayCart.testScript.WishListTest#moveItemToWishlistTest</h3><table class="result"><tr><th>Messages</th></tr><tr><td><div class="messages">move items to wishlist</div></td></tr></table><p class="totop"><a href="#summary">back to summary</a></p>
<h3 id="m17">com.oneDayCart.testScript.moveCompare#Comp</h3><table class="result"><tr><th>Messages</th></tr><tr><td><div class="messages">click on blend oil<br/>compared the name</div></td></tr></table><p class="totop"><a href="#summary">back to summary</a></p>
<h3 id="m18">com.oneDayCart.testScript.myOrder#myorderpage</h3><table class="result"><tr><th>Messages</th></tr><tr><td><div class="messages">click on my order<br/>my order page is displayed</div></td></tr></table><p class="totop"><a href="#summary">back to summary</a></p>
<h3 id="m19">com.oneDayCart.testScript.scrollMoveTop#scrollTop</h3><table class="result"><tr><th>Messages</th></tr><tr><td><div class="messages">click on scroll up button<br/>click on my cart link</div></td></tr></table><p class="totop"><a href="#summary">back to summary</a></p>
</body>
</html>
